#! /usr/bin/vvp
:ivl_version "10.3 (stable)";
:ivl_delay_selection "TYPICAL";
:vpi_time_precision + 0;
:vpi_module "system";
:vpi_module "vhdl_sys";
:vpi_module "v2005_math";
:vpi_module "va_math";
S_0x5564d54b9160 .scope module, "add" "add" 2 1;
 .timescale 0 0;
    .port_info 0 /INPUT 21 "A"
    .port_info 1 /INPUT 18 "B"
    .port_info 2 /OUTPUT 23 "C"
o0x7fdc68ff0018 .functor BUFZ 21, C4<zzzzzzzzzzzzzzzzzzzzz>; HiZ drive
v0x5564d54b9330_0 .net "A", 20 0, o0x7fdc68ff0018;  0 drivers
v0x5564d54fcac0_0 .net/s "A_signed", 21 0, L_0x5564d54fd0b0;  1 drivers
o0x7fdc68ff0078 .functor BUFZ 18, C4<zzzzzzzzzzzzzzzzzz>; HiZ drive
v0x5564d54fcba0_0 .net/s "B", 17 0, o0x7fdc68ff0078;  0 drivers
v0x5564d54fcc60_0 .net/s "C", 22 0, L_0x5564d54fd3c0;  1 drivers
L_0x7fdc68fa7018 .functor BUFT 1, C4<0>, C4<0>, C4<0>, C4<0>;
v0x5564d54fcd40_0 .net/2u *"_s0", 0 0, L_0x7fdc68fa7018;  1 drivers
v0x5564d54fce70_0 .net/s *"_s4", 22 0, L_0x5564d54fd200;  1 drivers
v0x5564d54fcf50_0 .net/s *"_s6", 22 0, L_0x5564d54fd2f0;  1 drivers
L_0x5564d54fd0b0 .concat [ 21 1 0 0], o0x7fdc68ff0018, L_0x7fdc68fa7018;
L_0x5564d54fd200 .extend/s 23, L_0x5564d54fd0b0;
L_0x5564d54fd2f0 .extend/s 23, o0x7fdc68ff0078;
L_0x5564d54fd3c0 .arith/sum 23, L_0x5564d54fd200, L_0x5564d54fd2f0;
# The file index is used to find the file name in the following table.
:file_names 3;
    "N/A";
    "<interactive>";
    "add.v";
