00:11:45    100 --> ...  [tcl] ucliGUI::start /home/hyx/verilog/add/simv -ucligui  
00:11:45    101 --> ...      [tcl] set ucliGUI::state
00:11:45    102 --> ...          [tcl] gui_update_simulator_buttons
00:11:45    103 --> ...              [tcl] set ucliGUI::state
00:11:45    104 --> ...                  [tcl] ucliCore::getToolPID
00:11:45    105 --> ...                      [tcl] synopsys::env hasTB
00:11:45    106 --> ...                          [tcl] trigger_hier_stack_context_switch 0
00:11:45    107 --> ...                              [tcl] synUtils::setDVEInitPhase 1
00:11:45    108 --> ...                                  [tcl] gui_get_env SIMSETUP::SIMVPD
00:11:45    109 --> ...                                      [tcl] synopsys::dump -type VPD -file /home/hyx/verilog/add/inter.vpd -locking
00:11:45    110 --> ...                                          [tcl] synopsys::dump -autoflush on -fid VPD1
00:11:45    111 --> ...                                              [tcl] set ::dve_fid VPD1
00:11:45    112 --> ...                                                  [tcl] synUtils::setDVEInitPhase 0
00:11:45    113 --> ...                                                      [tcl] ucliCore::getToolPID
00:11:45    114 --> ...                                                          [tcl] synUtils::sendTool -active _icl_setToolSocket /tmp/smlnp3i4qwJ
00:11:45    115 --> ...                                                              [tcl] synUtils::sendTool -active {_icl_start_rpc -version "L-2016.06_Full64" -sync_file /tmp/vcs_dve_rpc.hyx.32975}
00:11:45    116 --> ...                                                                  [tcl] synUtils::sendTool -active {_icl_createSharedMemory /tmp/vcs_dve_general.hyx.32975}
00:11:45    117 --> ...                                                                      [tcl] config endofsim noexit
00:11:45    118 --> ...                                                                          [tcl] config onfail enable all
00:11:45    119 --> ...                                                                              [tcl] config syscaddplainmembers
00:11:45    120 --> ...                                                                                  [tcl] config syscaddsourcenames
00:11:45    121 --> ...                                                                                      [tcl] config syscaddstructtypes
00:11:45    122 --> ...                                                                                          [tcl] synopsys::listing -disable
00:11:45    123 --> ...                                                                                              [tcl] # Begin_DVE_Session_Save_Info
00:11:45    124 --> ...                                                                                                  [tcl] # DVE restart session
00:11:45    125 --> ...  [tcl] # Saved on Sun Nov 20 00:11:44 2022
00:11:45    126 --> ...      [tcl] # Designs open: 1
00:11:45    127 --> ...          [tcl] #   Sim: /home/hyx/verilog/add/simv
00:11:45    128 --> ...              [tcl] # Toplevel windows open: 2
00:11:45    129 --> ...                  [tcl] # 	TopLevel.1
00:11:45    130 --> ...                      [tcl] # 	TopLevel.2
00:11:45    131 --> ...                          [tcl] #   Source.1: test
00:11:45    132 --> ...                              [tcl] #   Wave.1: 9 signals
00:11:45    133 --> ...                                  [tcl] #   Group count = 2
00:11:45    134 --> ...                                      [tcl] #   Group test signal count = 5
00:11:45    135 --> ...                                          [tcl] #   Group add_inst signal count = 4
00:11:45    136 --> ...                                              [tcl] # End_DVE_Session_Save_Info
00:11:45    137 --> ...                                                  [tcl] # DVE version: L-2016.06_Full64
00:11:45    138 --> ...                                                      [tcl] # DVE build date: May 24 2016 21:01:02
00:11:45    139 --> ...                                                          [tcl] #<Session mode="Restart" path=".restartSimSession.tcl" type="Debug">
00:11:45    140 --> ...                                                              [tcl] gui_set_loading_session_type Restart
00:11:45    141 --> ...                                                                  [tcl] gui_continuetime_set
00:11:45    142 --> ...                                                                      [tcl] gui_clear_window -type Wave
00:11:45    143 --> ...                                                                          [tcl] gui_clear_window -type List
00:11:45    144 --> ...                                                                              [tcl] # Application preferences
00:11:45    145 --> ...                                                                                  [tcl] gui_set_pref_value -key app_default_font -value {Helvetica,10,-1,5,50,0,0,0,0,0}
00:11:45    146 --> ...                                                                                      [tcl] gui_src_preferences -tabstop 8 -maxbits 24 -windownumber 1
00:11:45    147 --> ...                                                                                          [tcl] #<WindowLayout>
00:11:45    148 --> ...                                                                                              [tcl] # DVE top-level session
00:11:45    149 --> ...                                                                                                  [tcl] # Create and position top-level window: TopLevel.1
00:11:45    150 --> ...  [tcl] set TopLevel.1 TopLevel.1
00:11:45    151 --> ...      [tcl] # Docked window settings
00:11:45    152 --> ...          [tcl] set HSPane.1 HSPane.1
00:11:45    153 --> ...              [tcl] set Hier.1 Hier.1
00:11:45    154 --> ...                  [tcl] set DLPane.1 DLPane.1
00:11:45    155 --> ...                      [tcl] set Data.1 Data.1
00:11:45    156 --> ...                          [tcl] set Console.1 Console.1
00:11:45    157 --> ...                              [tcl] gui_sync_global -id ${TopLevel.1} -option true
00:11:45    158 --> ...                                  [tcl] # MDI window settings
00:11:45    159 --> ...                                      [tcl] set Source.1 Source.1
00:11:45    160 --> ...                                          [tcl] gui_update_layout -id ${Source.1} {{show_state maximized} {dock_state undocked} {dock_on_new_line false}}
00:11:45    161 --> ...                                              [tcl] # End MDI window settings
00:11:45    162 --> ...                                                  [tcl] # Create and position top-level window: TopLevel.2
00:11:45    163 --> ...                                                      [tcl] set TopLevel.2 TopLevel.2
00:11:45    164 --> ...                                                          [tcl] # Docked window settings
00:11:45    165 --> ...                                                              [tcl] gui_sync_global -id ${TopLevel.2} -option true
00:11:45    166 --> ...                                                                  [tcl] # MDI window settings
00:11:45    167 --> ...                                                                      [tcl] set Wave.1 Wave.1
00:11:45    168 --> ...                                                                          [tcl] gui_update_layout -id ${Wave.1} {{show_state maximized} {dock_state undocked} {dock_on_new_line false} {child_wave_left 348} {child_wave_right 850} {child_wave_colname 172} {child_wave_colvalue 172} {child_wave_col1 0} {child_wave_col2 1}}
00:11:45    169 --> ...                                                                              [tcl] # End MDI window settings
00:11:45    170 --> ...                                                                                  [tcl] #</WindowLayout>
00:11:45    171 --> ...                                                                                      [tcl] #<Database>
00:11:45    172 --> ...                                                                                          [tcl] gui_set_precision 1ns
00:11:45    173 --> ...                                                                                              [tcl] gui_set_time_units 1ns
00:11:45    174 --> ...                                                                                                  [tcl] #</Database>
00:11:45    175 --> ...  [tcl] # DVE Global setting session:
00:11:45    176 --> ...      [tcl] # Global: Breakpoints
00:11:45    177 --> ...          [tcl] # Global: Bus
00:11:45    178 --> ...              [tcl] # Global: Expressions
00:11:45    179 --> ...                  [tcl] # Global: Signal Time Shift
00:11:45    180 --> ...                      [tcl] # Global: Signal Compare
00:11:45    181 --> ...                          [tcl] # Global: Signal Groups
00:11:45    182 --> ...                              [tcl] gui_load_child_values {test}
00:11:45    183 --> ...                                  [tcl] synopsys::dump -add {test} -scope "." -depth 1 -fid VPD1
00:11:45    184 --> ...                                      [tcl] gui_load_child_values {test.add_inst}
00:11:45    185 --> ...                                          [tcl] synopsys::dump -add {test.add_inst} -scope "." -depth 1 -fid VPD1
00:11:45    186 --> ...                                              [tcl] set _session_group_1 test
00:11:45    187 --> ...                                                  [tcl] gui_sg_create "$_session_group_1"
00:11:45    188 --> ...                                                      [tcl] set test "$_session_group_1"
00:11:45    189 --> ...                                                          [tcl] gui_sg_addsignal -group "$_session_group_1" { test.A test.B test.C test.clk test.rst_n }
00:11:45    190 --> ...                                                              [tcl] set _session_group_2 add_inst
00:11:45    191 --> ...                                                                  [tcl] gui_sg_create "$_session_group_2"
00:11:45    192 --> ...                                                                      [tcl] set add_inst "$_session_group_2"
00:11:45    193 --> ...                                                                          [tcl] gui_sg_addsignal -group "$_session_group_2" { test.add_inst.A_signed test.add_inst.A test.add_inst.B test.add_inst.C }
00:11:45    194 --> ...                                                                              [tcl] # Global: Highlighting
00:11:45    195 --> ...                                                                                  [tcl] # Global: Stack
00:11:45    196 --> ...                                                                                      [tcl] gui_change_stack_mode -mode list
00:11:45    197 --> ...                                                                                          [tcl] synopsys::xml {set_only_active_frame <data value="1" />}
00:11:45    198 --> ...                                                                                              [tcl] # Post database loading setting...
00:11:45    199 --> ...                                                                                                  [tcl] # Save global setting...
00:11:45    200 --> ...  [tcl] # Wave/List view global setting
00:11:45    201 --> ...      [tcl] gui_cov_show_value -switch false
00:11:45    202 --> ...          [tcl] # Close all empty TopLevel windows
00:11:45    203 --> ...              [tcl] foreach __top [gui_ekki_get_window_ids -type TopLevel] {     if { [llength [gui_ekki_get_window_ids -parent $__top]] == 0} {         gui_close_window -window $__top     } }
00:11:45    204 --> ...                  [tcl] gui_set_loading_session_type noSession
00:11:45    205 --> ...                      [tcl] # DVE View/pane content session:
00:11:45    206 --> ...                          [tcl] # Hier 'Hier.1'
00:11:45    207 --> ...                              [tcl] gui_show_window -window ${Hier.1}
00:11:45    208 --> ...                                  [tcl] gui_list_set_filter -id ${Hier.1} -list { {Package 1} {All 0} {Process 1} {VirtPowSwitch 0} {UnnamedProcess 1} {UDP 0} {Function 1} {Block 1} {SrsnAndSpaCell 0} {OVA Unit 1} {LeafScCell 1} {LeafVlgCell 1} {Interface 1} {LeafVhdCell 1} {$unit 1} {NamedBlock 1} {Task 1} {VlgPackage 1} {ClassDef 1} {VirtIsoCell 0} }
00:11:45    209 --> ...                                      [tcl] gui_list_set_filter -id ${Hier.1} -text {*}
00:11:45    210 --> ...                                          [tcl] gui_change_design -id ${Hier.1} -design Sim
00:11:45    211 --> ...                                              [tcl] catch {gui_list_select -id ${Hier.1} {test}}
00:11:45    212 --> ...                                                  [tcl] dveMisc::vbusExpand test
00:11:45    213 --> ...                                                      [tcl] gui_view_scroll -id ${Hier.1} -vertical -set 0
00:11:45    214 --> ...                                                          [tcl] gui_view_scroll -id ${Hier.1} -horizontal -set 0
00:11:45    215 --> ...                                                              [tcl] # Data 'Data.1'
00:11:45    216 --> ...                                                                  [tcl] gui_list_set_filter -id ${Data.1} -list { {Buffer 1} {Input 1} {Others 1} {Linkage 1} {Output 1} {LowPower 1} {Parameter 1} {All 1} {Aggregate 1} {LibBaseMember 1} {Event 1} {Assertion 1} {Constant 1} {Interface 1} {BaseMembers 1} {Signal 1} {$unit 1} {Inout 1} {Variable 1} }
00:11:45    217 --> ...                                                                      [tcl] gui_list_set_filter -id ${Data.1} -text {*}
00:11:45    218 --> ...                                                                          [tcl] gui_list_show_data -id ${Data.1} {test}
00:11:45    219 --> ...                                                                              [tcl] gui_view_scroll -id ${Data.1} -vertical -set 0
00:11:45    220 --> ...                                                                                  [tcl] gui_view_scroll -id ${Data.1} -horizontal -set 0
00:11:45    221 --> ...                                                                                      [tcl] gui_view_scroll -id ${Hier.1} -vertical -set 0
00:11:45    222 --> ...                                                                                          [tcl] gui_view_scroll -id ${Hier.1} -horizontal -set 0
00:11:45    223 --> ...                                                                                              [tcl] # Source 'Source.1'
00:11:45    224 --> ...                                                                                                  [tcl] gui_src_value_annotate -id ${Source.1} -switch false
00:11:45    225 --> ...  [tcl] gui_set_env TOGGLE::VALUEANNOTATE 0
00:11:45    226 --> ...      [tcl] gui_open_source -id ${Source.1}  -replace -active test /home/hyx/verilog/add/test.v
00:11:45    227 --> ...          [tcl] gui_view_scroll -id ${Source.1} -vertical -set 0
00:11:45    228 --> ...              [tcl] gui_src_set_reusable -id ${Source.1}
00:11:45    229 --> ...                  [tcl] # View 'Wave.1'
00:11:45    230 --> ...                      [tcl] gui_wv_sync -id ${Wave.1} -switch false
00:11:45    231 --> ...                          [tcl] set groupExD [gui_get_pref_value -category Wave -key exclusiveSG]
00:11:45    232 --> ...                              [tcl] gui_set_pref_value -category Wave -key exclusiveSG -value {false}
00:11:45    233 --> ...                                  [tcl] set origWaveHeight [gui_get_pref_value -category Wave -key waveRowHeight]
00:11:45    234 --> ...                                      [tcl] gui_list_set_height -id Wave -height 25
00:11:46    235 --> ...                                          [tcl] set origGroupCreationState [gui_list_create_group_when_add -wave]
00:11:46    236 --> ...                                              [tcl] gui_list_create_group_when_add -wave -disable
00:11:46    237 --> ...                                                  [tcl] gui_wv_zoom_timerange -id ${Wave.1} 1402 4207
00:11:46    238 --> ...                                                      [tcl] gui_list_add_group -id ${Wave.1} -after {New Group} {test}
00:11:46    239 --> ...                                                          [tcl] gui_list_add_group -id ${Wave.1} -after {New Group} {add_inst}
00:11:46    240 --> ...                                                              [tcl] gui_list_select -id ${Wave.1} {test.A }
00:11:46    241 --> ...                                                                  [tcl] gui_seek_criteria -id ${Wave.1} {Any Edge}
00:11:46    242 --> ...                                                                      [tcl] gui_set_env TOGGLE::DEFAULT_WAVE_WINDOW ${Wave.1}
00:11:46    243 --> ...                                                                          [tcl] gui_set_pref_value -category Wave -key exclusiveSG -value $groupExD
00:11:46    244 --> ...                                                                              [tcl] gui_list_set_height -id Wave -height $origWaveHeight
00:11:46    245 --> ...                                                                                  [tcl] if {$origGroupCreationState} { 	gui_list_create_group_when_add -wave -enable }
00:11:46    246 --> ...                                                                                      [tcl] if { $groupExD } {  gui_msg_report -code DVWW028 }
00:11:46    247 --> ...                                                                                          [tcl] gui_list_set_filter -id ${Wave.1} -list { {Buffer 1} {Input 1} {Others 1} {Linkage 1} {Output 1} {Parameter 1} {All 1} {Aggregate 1} {LibBaseMember 1} {Event 1} {Assertion 1} {Constant 1} {Interface 1} {BaseMembers 1} {Signal 1} {$unit 1} {Inout 1} {Variable 1} }
00:11:46    248 --> ...                                                                                              [tcl] gui_list_set_filter -id ${Wave.1} -text {*}
00:11:46    249 --> ...                                                                                                  [tcl] gui_list_set_insertion_bar  -id ${Wave.1} -group test  -item test.rst_n -position below
00:11:46    250 --> ...  [tcl] gui_view_scroll -id ${Wave.1} -vertical -set 0
00:11:46    251 --> ...      [tcl] gui_show_grid -id ${Wave.1} -enable false
00:11:46    252 --> ...          [tcl] # Restore toplevel window zorder
00:11:46    253 --> ...              [tcl] # The toplevel window could be closed if it has no view/pane
00:11:46    254 --> ...                  [tcl] if {[gui_exist_window -window ${TopLevel.2}]} { 	gui_set_active_window -window ${TopLevel.2} 	gui_set_active_window -window ${Wave.1} }
00:11:46    255 --> ...                      [tcl] if {[gui_exist_window -window ${TopLevel.1}]} { 	gui_set_active_window -window ${TopLevel.1} 	gui_set_active_window -window ${Source.1} 	gui_set_active_window -window ${Console.1} }
00:11:46    256 --> ...                          [tcl] #</Session>
00:11:46    257 --> ...                              [tcl] catch {senv activeDomain} dveMisc::result 
00:11:46    258 --> ...                                  [tcl] set dveMisc::result
00:11:59    259 --> ...                                      [tcl] run
00:11:59    260 --> ...                                          [tcl] set ucliGUI::state
00:11:59    261 --> ...                                              [tcl] set ucliGUI::state
00:11:59    262 --> ...                                                  [tcl] set ucliGUI::state
00:11:59    263 --> ...                                                      [tcl] set ucliGUI::state
00:11:59    264 --> ...                                                          [tcl] catch {senv activeDomain} dveMisc::result 
00:11:59    265 --> ...                                                              [tcl] set dveMisc::result
00:11:59    266 --> ...                                                                  [tcl] gui_update_simulator_buttons
00:13:00    267 --> ...                                                                      [tcl] if [catch {gui_sim_terminate}] {gui_sim_terminate -kill}
00:13:00    268 --> ...                                                                          [tcl] synopsys::finish
00:13:00    269 --> ...                                                                              [tcl] set ucliGUI::state
00:13:00    270 --> ...                                                                                  [tcl] set ucliGUI::state
00:13:00    271 --> ...                                                                                      [tcl] catch {senv activeDomain} dveMisc::result 
00:13:00    272 --> ...                                                                                          [tcl] set dveMisc::result
00:13:00    273 --> ...                                                                                              [tcl] gui_update_simulator_buttons
00:13:00    274 --> ...                                                                                                  [tcl] catch {senv activeDomain} dveMisc::result 
00:13:00    275 --> ...  [tcl] set dveMisc::result
00:13:00    276 --> ...      [tcl] ucli_exit
