# Preference setting overrides
gui_create_pref_key -category {Globals} -key {load_detail_for_funcov} -value_type {bool} -value {false}

# State setting overrides
gui_state_default_create -off -ini
gui_set_state_value -category Layout -key child_console_size_x -value 319
gui_set_state_value -category Layout -key child_console_size_y -value 179
gui_set_state_value -category Layout -key child_data_coltype -value 43
gui_set_state_value -category Layout -key child_data_colvalue -value 94
gui_set_state_value -category Layout -key child_data_colvariable -value 136
gui_set_state_value -category Layout -key child_data_size_x -value 282
gui_set_state_value -category Layout -key child_data_size_y -value 957
gui_set_state_value -category Layout -key child_hier_col3 -value {-1}
gui_set_state_value -category Layout -key child_hier_colhier -value 151
gui_set_state_value -category Layout -key child_hier_colpd -value 0
gui_set_state_value -category Layout -key child_hier_coltype -value 83
gui_set_state_value -category Layout -key child_hier_size_x -value 243
gui_set_state_value -category Layout -key child_hier_size_y -value 957
gui_set_state_value -category Layout -key child_source_docknewline -value false
gui_set_state_value -category Layout -key child_source_pos_x -value {-2}
gui_set_state_value -category Layout -key child_source_pos_y -value {-18}
gui_set_state_value -category Layout -key child_source_size_x -value 1766
gui_set_state_value -category Layout -key child_source_size_y -value 953
gui_set_state_value -category Layout -key child_wave_colname -value 173
gui_set_state_value -category Layout -key child_wave_colvalue -value 171
gui_set_state_value -category Layout -key child_wave_left -value 349
gui_set_state_value -category Layout -key child_wave_right -value 850
gui_set_state_value -category Layout -key main_pos_x -value 2092
gui_set_state_value -category Layout -key main_pos_y -value 181
gui_set_state_value -category Layout -key main_size_x -value 4380
gui_set_state_value -category Layout -key main_size_y -value 1406
gui_set_state_value -category Layout -key stand_wave_child_docknewline -value false
gui_set_state_value -category Layout -key stand_wave_child_pos_x -value {-2}
gui_set_state_value -category Layout -key stand_wave_child_pos_y -value {-18}
gui_set_state_value -category Layout -key stand_wave_child_size_x -value 1209
gui_set_state_value -category Layout -key stand_wave_child_size_y -value 705
gui_set_state_value -category Layout -key stand_wave_top_pos_x -value 1284
gui_set_state_value -category Layout -key stand_wave_top_pos_y -value 238
gui_set_state_value -category Layout -key stand_wave_top_size_x -value 2488
gui_set_state_value -category Layout -key stand_wave_top_size_y -value 1065
gui_create_state_key -category FindDialog -key m_pMatchCase -value_type bool -value false
gui_create_state_key -category FindDialog -key m_pMatchWord -value_type bool -value false
gui_create_state_key -category FindDialog -key m_pUseCombo -value_type string -value {}
gui_create_state_key -category FindDialog -key m_pWrapAround -value_type bool -value true
gui_create_state_key -category Widget_History -key {dlgSimSetup|m_setupTab|tab pages|SimTab|m_VPDCombo} -value_type string -value inter.vpd
gui_create_state_key -category Widget_History -key {dlgSimSetup|m_setupTab|tab pages|SimTab|m_curDirCombo} -value_type string -value /home/hyx/verilog/add/
gui_create_state_key -category Widget_History -key {dlgSimSetup|m_setupTab|tab pages|SimTab|m_exeCombo} -value_type string -value verilog/add/simv
gui_state_default_create -off

# Begin command logging
gui_set_env SIMSETUP::SIMEXE {simv {}}
gui_set_env SIMSETUP::SIMCURRENTDIR /home/hyx/verilog/add
gui_sim_run Ucli -exe simv -args {-ucligui  } -dir .
run
gui_list_expand -id  Hier.1   test
gui_open_window Wave
gui_list_add -id Wave.1 -from Hier.1 { test } -insertionbar
gui_list_select -id Wave.1 -selected  { {test.A[20:0]}   }
gui_list_select -id Wave.1 -selected  { test.rst_n   }
gui_list_select -id Hier.1 -current_item_name test.add_inst -current_item_type Scope  -selected  { test.add_inst   }
gui_list_add -id Wave.1 -from Hier.1 { test.add_inst } -insertionbar
run
gui_marker_move -id  Wave.1 C1 2734
gui_wv_scroll_hslidermove -id  Wave.1 8020
gui_zoom -window Wave.1 -full
gui_zoom -window Wave.1 -full
gui_zoom -window Wave.1 -full
gui_list_select -id Wave.1 -selected  {  }
gui_list_expand -id  Wave.1   {test.A[20:0]}
gui_list_collapse -id  Wave.1   {test.A[20:0]}
gui_list_select -id Wave.1 -selected  { test|add_inst   }
gui_list_move -id  Wave.1  -sid  Wave.1  -after  {New Group}  {test|add_inst} 
gui_list_select -id Wave.1 -selected  {  }
gui_list_select -id Hier.1 -current_item_name test -current_item_type Scope  -selected  { test   }
run all
gui_wv_scroll_hslidermove -id  Wave.1 0
gui_list_select -id Wave.1 -selected  { {test.A[20:0]}   }
gui_marker_move -id  Wave.1 C1 362
gui_marker_move -id  Wave.1 C1 199
run 1us
restart
gui_sim_restart
gui_marker_move -id  Wave.1 C1 4130
gui_zoom -window Wave.1 -full
run
gui_marker_move -id  Wave.1 C1 4130
gui_zoom -window Wave.1 -full
gui_close_window -window TopLevel.2
#gui_exit

